<?xml version="1.0" encoding="UTF-8"?>
<testng-results ignored="0" total="4" passed="4" failed="0" skipped="0">
  <reporter-output>
  </reporter-output>
  <suite started-at="2023-10-31T10:50:43 CDT" name="Default suite" finished-at="2023-10-31T10:50:48 CDT" duration-ms="5067">
    <groups>
    </groups>
    <test started-at="2023-10-31T10:50:43 CDT" name="Default test" finished-at="2023-10-31T10:50:48 CDT" duration-ms="5067">
      <class name="one.day1">
        <test-method signature="createUsers()[pri:0, instance:one.day1@17497425]" started-at="2023-10-31T10:50:43 CDT" name="createUsers" finished-at="2023-10-31T10:50:47 CDT" duration-ms="3532" status="PASS">
          <reporter-output>
          </reporter-output>
        </test-method> <!-- createUsers -->
        <test-method signature="deleteUsers()[pri:0, instance:one.day1@17497425]" started-at="2023-10-31T10:50:47 CDT" name="deleteUsers" finished-at="2023-10-31T10:50:47 CDT" duration-ms="798" status="PASS">
          <reporter-output>
          </reporter-output>
        </test-method> <!-- deleteUsers -->
        <test-method signature="getUsers()[pri:0, instance:one.day1@17497425]" started-at="2023-10-31T10:50:47 CDT" name="getUsers" finished-at="2023-10-31T10:50:48 CDT" duration-ms="244" status="PASS">
          <reporter-output>
          </reporter-output>
        </test-method> <!-- getUsers -->
        <test-method signature="updateUsers()[pri:0, instance:one.day1@17497425]" started-at="2023-10-31T10:50:48 CDT" name="updateUsers" finished-at="2023-10-31T10:50:48 CDT" duration-ms="423" status="PASS">
          <reporter-output>
          </reporter-output>
        </test-method> <!-- updateUsers -->
      </class> <!-- one.day1 -->
    </test> <!-- Default test -->
  </suite> <!-- Default suite -->
</testng-results>
