<?xml version="1.0" encoding="UTF-8"?>
<testng-results ignored="0" total="1" passed="1" failed="0" skipped="0">
  <reporter-output>
  </reporter-output>
  <suite started-at="2023-11-13T00:09:12 CST" name="Default suite" finished-at="2023-11-13T00:09:14 CST" duration-ms="2493">
    <groups>
    </groups>
    <test started-at="2023-11-13T00:09:12 CST" name="Default test" finished-at="2023-11-13T00:09:14 CST" duration-ms="2493">
      <class name="one.day5PathAndQueryParameter">
        <test-method signature="testPathAndQueryParameter()[pri:0, instance:one.day5PathAndQueryParameter@3a44431a]" started-at="2023-11-13T00:09:12 CST" name="testPathAndQueryParameter" finished-at="2023-11-13T00:09:14 CST" duration-ms="2449" status="PASS">
          <reporter-output>
          </reporter-output>
        </test-method> <!-- testPathAndQueryParameter -->
      </class> <!-- one.day5PathAndQueryParameter -->
    </test> <!-- Default test -->
  </suite> <!-- Default suite -->
</testng-results>
